<?xml version="1.0" encoding="UTF-8"?>
<testng-results ignored="0" total="1" passed="1" failed="0" skipped="0">
  <reporter-output>
  </reporter-output>
  <suite started-at="2025-04-17T09:05:31 SAST" name="ChromeBrowser" finished-at="2025-04-17T09:07:38 SAST" duration-ms="126546">
    <groups>
    </groups>
    <test started-at="2025-04-17T09:05:31 SAST" name="Command line test" finished-at="2025-04-17T09:07:38 SAST" duration-ms="126546">
      <class name="ChromeBrowser">
        <test-method signature="startChromeBrowser()[pri:0, instance:ChromeBrowser@51b7e5df]" started-at="2025-04-17T09:05:31 SAST" name="startChromeBrowser" finished-at="2025-04-17T09:07:38 SAST" duration-ms="126388" status="PASS">
          <reporter-output>
          </reporter-output>
        </test-method> <!-- startChromeBrowser -->
      </class> <!-- ChromeBrowser -->
    </test> <!-- Command line test -->
  </suite> <!-- ChromeBrowser -->
</testng-results>
